<?xml version="1.0" encoding="UTF-8"?>
<testng-results ignored="0" total="2" passed="2" failed="0" skipped="0">
  <reporter-output>
  </reporter-output>
  <suite started-at="2026-05-25T16:10:16 IST" name="Default suite" finished-at="2026-05-25T16:10:34 IST" duration-ms="18044">
    <groups>
    </groups>
    <test started-at="2026-05-25T16:10:16 IST" name="Default test" finished-at="2026-05-25T16:10:34 IST" duration-ms="18044">
      <class name="tests.PropertySearchTest">
        <test-method is-config="true" signature="setup()[pri:0, instance:tests.PropertySearchTest@77888435]" started-at="2026-05-25T16:10:16 IST" name="setup" finished-at="2026-05-25T16:10:20 IST" duration-ms="4490" status="PASS">
          <reporter-output>
          </reporter-output>
        </test-method> <!-- setup -->
        <test-method signature="verifyEmptySearch()[pri:0, instance:tests.PropertySearchTest@77888435]" started-at="2026-05-25T16:10:20 IST" name="verifyEmptySearch" finished-at="2026-05-25T16:10:21 IST" duration-ms="970" status="PASS">
          <reporter-output>
          </reporter-output>
        </test-method> <!-- verifyEmptySearch -->
        <test-method is-config="true" signature="tearDown()[pri:0, instance:tests.PropertySearchTest@77888435]" started-at="2026-05-25T16:10:21 IST" name="tearDown" finished-at="2026-05-25T16:10:22 IST" duration-ms="479" status="PASS">
          <reporter-output>
          </reporter-output>
        </test-method> <!-- tearDown -->
        <test-method is-config="true" signature="setup()[pri:0, instance:tests.PropertySearchTest@77888435]" started-at="2026-05-25T16:10:22 IST" name="setup" finished-at="2026-05-25T16:10:25 IST" duration-ms="3240" status="PASS">
          <reporter-output>
          </reporter-output>
        </test-method> <!-- setup -->
        <test-method signature="verifyPropertySearch()[pri:0, instance:tests.PropertySearchTest@77888435]" started-at="2026-05-25T16:10:25 IST" name="verifyPropertySearch" finished-at="2026-05-25T16:10:33 IST" duration-ms="8294" status="PASS">
          <reporter-output>
          </reporter-output>
        </test-method> <!-- verifyPropertySearch -->
        <test-method is-config="true" signature="tearDown()[pri:0, instance:tests.PropertySearchTest@77888435]" started-at="2026-05-25T16:10:33 IST" name="tearDown" finished-at="2026-05-25T16:10:34 IST" duration-ms="513" status="PASS">
          <reporter-output>
          </reporter-output>
        </test-method> <!-- tearDown -->
      </class> <!-- tests.PropertySearchTest -->
    </test> <!-- Default test -->
  </suite> <!-- Default suite -->
</testng-results>
